<?xml version="1.0" encoding="UTF-8"?>
<!-- Generated by org.testng.reporters.JUnitXMLReporter -->
<testsuite ignored="2" hostname="Raghavndr" failures="0" tests="3" name="Test" time="99.334" errors="0" timestamp="2023-01-28T19:18:15 IST">
  <testcase classname="Com.QA.Admin_area_Demo.TestCases.TC_001" name="tc_001" time="28.109"/>
  <testcase classname="Com.QA.Admin_area_Demo.TestCases.TC_002" name="tc_002" time="25.247"/>
  <testcase classname="Com.QA.Admin_area_Demo.TestCases.TC_003" name="tc_003" time="22.378"/>
  <testcase classname="Com.QA.Admin_area_Demo.Start.StartBrowser" name="@BeforeTest generateReports" time="0.0">
    <ignored/>
  </testcase> <!-- @BeforeTest generateReports -->
  <testcase classname="Com.QA.Admin_area_Demo.Start.StartBrowser" name="@BeforeTest generateReports" time="0.0">
    <ignored/>
  </testcase> <!-- @BeforeTest generateReports -->
</testsuite> <!-- Test -->
